2023-06-17 18:24:37,892 INFO [ors.Application] - Starting Application v7.1.0 using Java 17.0.7 on 8cd08d23f217 with PID 1 (/home/ors/tomcat/webapps/ors/WEB-INF/classes started by root in /home/ors)
2023-06-17 18:24:37,902 DEBUG [ors.Application] - Running with Spring Boot v2.7.12, Spring v5.3.27
2023-06-17 18:24:37,903 INFO [ors.Application] - No active profile set, falling back to 1 default profile: "default"
2023-06-17 18:24:41,043 INFO [ors.Application] - Started Application in 3.86 seconds (JVM running for 9.687)
2023-06-17 18:24:41,064 INFO [logging.LoggingUtility] - Logging configuration loaded from DEBUG_LOGGING.json, logging to file /home/ors/ors-core/logs/ors/ors-logs.log
2023-06-17 18:24:41,074 INFO [routing.RoutingProfileManager] -  Total - 1024 MB, Free - 652.79 MB, Max: 2 GB, Used - 371.21 MB
2023-06-17 18:24:41,075 INFO [routing.RoutingProfileManager] -       
2023-06-17 18:24:41,109 INFO [routing.RoutingProfileManager] - ====> Initializing profiles from '/home/ors/ors-core/data/osm_file.pbf' (1 threads) ...
2023-06-17 18:24:41,111 INFO [routing.RoutingProfileManager] - 1 tasks submitted.
2023-06-17 18:24:41,115 INFO [routing.RoutingProfile] - [1] Profiles: 'driving-car', location: '/home/ors/ors-core/data/graphs/car'.
2023-06-17 18:24:41,272 INFO [core.CoreLMPreparationHandler] - Loaded landmark splitting collection from 
2023-06-17 18:24:42,734 INFO [core.CorePreparationHandler] - Creating CH preparations, totalMB:1024, usedMB:797
2023-06-17 18:24:42,739 INFO [core.CoreLMPreparationHandler] - Creating LM preparations, totalMB:1024, usedMB:798
2023-06-17 18:24:42,769 INFO [core.CoreLandmarkStorage] - Created core node ID map for car_ors_fastest_with_turn_costs_highways of size 112957
2023-06-17 18:24:42,803 INFO [core.CoreLandmarkStorage] - Created core node ID map for car_ors_fastest_with_turn_costs_allow_all of size 112957
2023-06-17 18:24:42,828 INFO [core.CoreLandmarkStorage] - Created core node ID map for car_ors_shortest_with_turn_costs_highways of size 112957
2023-06-17 18:24:42,861 INFO [core.CoreLandmarkStorage] - Created core node ID map for car_ors_shortest_with_turn_costs_allow_all of size 112957
2023-06-17 18:24:43,283 INFO [core.CoreLMPreparationHandler] - Finished LM preparation, totalMB:1066, usedMB:1059
2023-06-17 18:24:43,287 INFO [extensions.ORSGraphHopper] - version 4.0|2023-06-12T14:59:08Z (7,20,5,4,5,7)
2023-06-17 18:24:43,291 INFO [extensions.ORSGraphHopper] - graph CH|car_ors|RAM_STORE|3D|turn_cost|7,20,5,4,5, details:edges:2 026 852(70MB), nodes:1 728 697(33MB), name:(8MB), geo:12 092 967(47MB), bounds:7.5054901,10.5261542,47.5294073,49.8080738,83.0,1490.0, shortcuts:1 215 063 (24MB), nodesCH:1 728 697 (14MB), shortcuts:1 625 935 (50MB), nodesCH:1 728 697 (14MB), shortcuts:1 804 821 (56MB), nodesCH:1 728 697 (14MB)
2023-06-17 18:24:43,292 INFO [routing.RoutingProfile] - [1] Edges: 2026852 - Nodes: 1728697.
2023-06-17 18:24:43,292 INFO [routing.RoutingProfile] - [1] Total time: 2.177s.
2023-06-17 18:24:43,293 INFO [routing.RoutingProfile] - [1] Finished at: 2023-06-17 18:24:43.
2023-06-17 18:24:43,295 INFO [routing.RoutingProfileManager] - Total time: 2.219s.
2023-06-17 18:24:43,295 INFO [routing.RoutingProfileManager] - ========================================================================
2023-06-17 18:24:43,295 INFO [routing.RoutingProfileManager] - ====> Recycling garbage...
2023-06-17 18:24:43,296 INFO [routing.RoutingProfileManager] - Before:  Total - 1.04 GB, Free - 6.50 MB, Max: 2 GB, Used - 1.03 GB
2023-06-17 18:24:43,341 INFO [routing.RoutingProfileManager] - After:  Total - 1.71 GB, Free - 702.86 MB, Max: 2 GB, Used - 1.02 GB
2023-06-17 18:24:43,341 INFO [routing.RoutingProfileManager] - ========================================================================
2023-06-17 18:24:43,342 INFO [routing.RoutingProfileManager] - ====> Memory usage by profiles:
2023-06-17 18:24:43,343 INFO [routing.RoutingProfileManager] - [1] 475.04 MB (45.5%)
2023-06-17 18:24:43,344 INFO [routing.RoutingProfileManager] - Total: 475.04 MB (45.5%)
2023-06-17 18:24:43,344 INFO [routing.RoutingProfileManager] - ========================================================================
2023-06-17 18:26:31,524 INFO [listeners.ORSInitContextListener] - Shutting down ORS and releasing resources.
2023-06-17 18:27:02,650 INFO [ors.Application] - Starting Application v7.1.0 using Java 17.0.7 on caf2026fb54f with PID 1 (/home/ors/tomcat/webapps/ors/WEB-INF/classes started by root in /home/ors)
2023-06-17 18:27:02,652 DEBUG [ors.Application] - Running with Spring Boot v2.7.12, Spring v5.3.27
2023-06-17 18:27:02,653 INFO [ors.Application] - No active profile set, falling back to 1 default profile: "default"
2023-06-17 18:27:04,776 INFO [ors.Application] - Started Application in 2.764 seconds (JVM running for 6.824)
2023-06-17 18:27:04,795 INFO [logging.LoggingUtility] - Logging configuration loaded from DEBUG_LOGGING.json, logging to file /home/ors/ors-core/logs/ors/ors-logs.log
2023-06-17 18:27:04,803 INFO [routing.RoutingProfileManager] -  Total - 1024 MB, Free - 649.23 MB, Max: 2 GB, Used - 374.77 MB
2023-06-17 18:27:04,803 INFO [routing.RoutingProfileManager] -       
2023-06-17 18:27:04,837 INFO [routing.RoutingProfileManager] - ====> Initializing profiles from '/home/ors/ors-core/data/osm_file.pbf' (1 threads) ...
2023-06-17 18:27:04,839 INFO [routing.RoutingProfileManager] - 1 tasks submitted.
2023-06-17 18:27:04,842 INFO [routing.RoutingProfile] - [1] Profiles: 'driving-car', location: '/home/ors/ors-core/data/graphs/car'.
2023-06-17 18:27:04,991 INFO [core.CoreLMPreparationHandler] - Loaded landmark splitting collection from 
2023-06-17 18:27:05,858 INFO [core.CorePreparationHandler] - Creating CH preparations, totalMB:1024, usedMB:797
2023-06-17 18:27:05,863 INFO [core.CoreLMPreparationHandler] - Creating LM preparations, totalMB:1024, usedMB:797
2023-06-17 18:27:05,882 INFO [core.CoreLandmarkStorage] - Created core node ID map for car_ors_fastest_with_turn_costs_highways of size 112957
2023-06-17 18:27:05,897 INFO [core.CoreLandmarkStorage] - Created core node ID map for car_ors_fastest_with_turn_costs_allow_all of size 112957
2023-06-17 18:27:05,908 INFO [core.CoreLandmarkStorage] - Created core node ID map for car_ors_shortest_with_turn_costs_highways of size 112957
2023-06-17 18:27:05,918 INFO [core.CoreLandmarkStorage] - Created core node ID map for car_ors_shortest_with_turn_costs_allow_all of size 112957
2023-06-17 18:27:06,165 INFO [core.CoreLMPreparationHandler] - Finished LM preparation, totalMB:1066, usedMB:1060
2023-06-17 18:27:06,169 INFO [extensions.ORSGraphHopper] - version 4.0|2023-06-12T14:59:08Z (7,20,5,4,5,7)
2023-06-17 18:27:06,173 INFO [extensions.ORSGraphHopper] - graph CH|car_ors|RAM_STORE|3D|turn_cost|7,20,5,4,5, details:edges:2 026 852(70MB), nodes:1 728 697(33MB), name:(8MB), geo:12 092 967(47MB), bounds:7.5054901,10.5261542,47.5294073,49.8080738,83.0,1490.0, shortcuts:1 215 063 (24MB), nodesCH:1 728 697 (14MB), shortcuts:1 625 935 (50MB), nodesCH:1 728 697 (14MB), shortcuts:1 804 821 (56MB), nodesCH:1 728 697 (14MB)
2023-06-17 18:27:06,174 INFO [routing.RoutingProfile] - [1] Edges: 2026852 - Nodes: 1728697.
2023-06-17 18:27:06,175 INFO [routing.RoutingProfile] - [1] Total time: 1.333s.
2023-06-17 18:27:06,176 INFO [routing.RoutingProfile] - [1] Finished at: 2023-06-17 18:27:06.
2023-06-17 18:27:06,178 INFO [routing.RoutingProfileManager] - Total time: 1.374s.
2023-06-17 18:27:06,178 INFO [routing.RoutingProfileManager] - ========================================================================
2023-06-17 18:27:06,179 INFO [routing.RoutingProfileManager] - ====> Recycling garbage...
2023-06-17 18:27:06,179 INFO [routing.RoutingProfileManager] - Before:  Total - 1.04 GB, Free - 5.59 MB, Max: 2 GB, Used - 1.04 GB
2023-06-17 18:27:06,235 INFO [routing.RoutingProfileManager] - After:  Total - 1.70 GB, Free - 699.78 MB, Max: 2 GB, Used - 1.02 GB
2023-06-17 18:27:06,235 INFO [routing.RoutingProfileManager] - ========================================================================
2023-06-17 18:27:06,236 INFO [routing.RoutingProfileManager] - ====> Memory usage by profiles:
2023-06-17 18:27:06,237 INFO [routing.RoutingProfileManager] - [1] 475.04 MB (45.5%)
2023-06-17 18:27:06,237 INFO [routing.RoutingProfileManager] - Total: 475.04 MB (45.5%)
2023-06-17 18:27:06,238 INFO [routing.RoutingProfileManager] - ========================================================================
2023-06-17 18:28:04,083 INFO [util.SystemMessage] - SystemMessage loaded 0 messages.
