23-Apr-2023 22:39:16.367 INFO [main] org.apache.catalina.startup.VersionLoggerListener.log Server version name:   Apache Tomcat/8.5.69
23-Apr-2023 22:39:16.368 INFO [main] org.apache.catalina.startup.VersionLoggerListener.log Server built:          Jun 30 2021 18:00:00 UTC
23-Apr-2023 22:39:16.368 INFO [main] org.apache.catalina.startup.VersionLoggerListener.log Server version number: 8.5.69.0
23-Apr-2023 22:39:16.369 INFO [main] org.apache.catalina.startup.VersionLoggerListener.log OS Name:               Linux
23-Apr-2023 22:39:16.369 INFO [main] org.apache.catalina.startup.VersionLoggerListener.log OS Version:            5.10.16.3-microsoft-standard-WSL2
23-Apr-2023 22:39:16.369 INFO [main] org.apache.catalina.startup.VersionLoggerListener.log Architecture:          amd64
23-Apr-2023 22:39:16.369 INFO [main] org.apache.catalina.startup.VersionLoggerListener.log Java Home:             /opt/java/openjdk
23-Apr-2023 22:39:16.369 INFO [main] org.apache.catalina.startup.VersionLoggerListener.log JVM Version:           11.0.18+10
23-Apr-2023 22:39:16.369 INFO [main] org.apache.catalina.startup.VersionLoggerListener.log JVM Vendor:            Eclipse Adoptium
23-Apr-2023 22:39:16.369 INFO [main] org.apache.catalina.startup.VersionLoggerListener.log CATALINA_BASE:         /home/ors/tomcat
23-Apr-2023 22:39:16.369 INFO [main] org.apache.catalina.startup.VersionLoggerListener.log CATALINA_HOME:         /home/ors/tomcat
23-Apr-2023 22:39:16.370 INFO [main] org.apache.catalina.startup.VersionLoggerListener.log Command line argument: --add-opens=java.base/java.lang=ALL-UNNAMED
23-Apr-2023 22:39:16.370 INFO [main] org.apache.catalina.startup.VersionLoggerListener.log Command line argument: --add-opens=java.base/java.io=ALL-UNNAMED
23-Apr-2023 22:39:16.370 INFO [main] org.apache.catalina.startup.VersionLoggerListener.log Command line argument: --add-opens=java.base/java.util=ALL-UNNAMED
23-Apr-2023 22:39:16.370 INFO [main] org.apache.catalina.startup.VersionLoggerListener.log Command line argument: --add-opens=java.base/java.util.concurrent=ALL-UNNAMED
23-Apr-2023 22:39:16.371 INFO [main] org.apache.catalina.startup.VersionLoggerListener.log Command line argument: --add-opens=java.rmi/sun.rmi.transport=ALL-UNNAMED
23-Apr-2023 22:39:16.371 INFO [main] org.apache.catalina.startup.VersionLoggerListener.log Command line argument: -Djava.util.logging.config.file=/home/ors/tomcat/conf/logging.properties
23-Apr-2023 22:39:16.371 INFO [main] org.apache.catalina.startup.VersionLoggerListener.log Command line argument: -Djava.util.logging.manager=org.apache.juli.ClassLoaderLogManager
23-Apr-2023 22:39:16.371 INFO [main] org.apache.catalina.startup.VersionLoggerListener.log Command line argument: -Djava.awt.headless=true
23-Apr-2023 22:39:16.371 INFO [main] org.apache.catalina.startup.VersionLoggerListener.log Command line argument: -XX:TargetSurvivorRatio=75
23-Apr-2023 22:39:16.371 INFO [main] org.apache.catalina.startup.VersionLoggerListener.log Command line argument: -XX:SurvivorRatio=64
23-Apr-2023 22:39:16.371 INFO [main] org.apache.catalina.startup.VersionLoggerListener.log Command line argument: -XX:MaxTenuringThreshold=3
23-Apr-2023 22:39:16.371 INFO [main] org.apache.catalina.startup.VersionLoggerListener.log Command line argument: -XX:+UseG1GC
23-Apr-2023 22:39:16.371 INFO [main] org.apache.catalina.startup.VersionLoggerListener.log Command line argument: -XX:+ScavengeBeforeFullGC
23-Apr-2023 22:39:16.371 INFO [main] org.apache.catalina.startup.VersionLoggerListener.log Command line argument: -XX:ParallelGCThreads=4
23-Apr-2023 22:39:16.371 INFO [main] org.apache.catalina.startup.VersionLoggerListener.log Command line argument: -Xms1g
23-Apr-2023 22:39:16.372 INFO [main] org.apache.catalina.startup.VersionLoggerListener.log Command line argument: -Xmx2g
23-Apr-2023 22:39:16.372 INFO [main] org.apache.catalina.startup.VersionLoggerListener.log Command line argument: -Djdk.tls.ephemeralDHKeySize=2048
23-Apr-2023 22:39:16.372 INFO [main] org.apache.catalina.startup.VersionLoggerListener.log Command line argument: -Djava.protocol.handler.pkgs=org.apache.catalina.webresources
23-Apr-2023 22:39:16.372 INFO [main] org.apache.catalina.startup.VersionLoggerListener.log Command line argument: -Dorg.apache.catalina.security.SecurityListener.UMASK=0027
23-Apr-2023 22:39:16.372 INFO [main] org.apache.catalina.startup.VersionLoggerListener.log Command line argument: -Dcom.sun.management.jmxremote
23-Apr-2023 22:39:16.372 INFO [main] org.apache.catalina.startup.VersionLoggerListener.log Command line argument: -Dcom.sun.management.jmxremote.port=9001
23-Apr-2023 22:39:16.372 INFO [main] org.apache.catalina.startup.VersionLoggerListener.log Command line argument: -Dcom.sun.management.jmxremote.rmi.port=9001
23-Apr-2023 22:39:16.372 INFO [main] org.apache.catalina.startup.VersionLoggerListener.log Command line argument: -Dcom.sun.management.jmxremote.authenticate=false
23-Apr-2023 22:39:16.372 INFO [main] org.apache.catalina.startup.VersionLoggerListener.log Command line argument: -Dcom.sun.management.jmxremote.ssl=false
23-Apr-2023 22:39:16.372 INFO [main] org.apache.catalina.startup.VersionLoggerListener.log Command line argument: -Djava.rmi.server.hostname=localhost
23-Apr-2023 22:39:16.372 INFO [main] org.apache.catalina.startup.VersionLoggerListener.log Command line argument: -Dignore.endorsed.dirs=
23-Apr-2023 22:39:16.372 INFO [main] org.apache.catalina.startup.VersionLoggerListener.log Command line argument: -Dcatalina.base=/home/ors/tomcat
23-Apr-2023 22:39:16.373 INFO [main] org.apache.catalina.startup.VersionLoggerListener.log Command line argument: -Dcatalina.home=/home/ors/tomcat
23-Apr-2023 22:39:16.373 INFO [main] org.apache.catalina.startup.VersionLoggerListener.log Command line argument: -Djava.io.tmpdir=/home/ors/tomcat/temp
23-Apr-2023 22:39:16.373 INFO [main] org.apache.catalina.core.AprLifecycleListener.lifecycleEvent The Apache Tomcat Native library which allows using OpenSSL was not found on the java.library.path: [/usr/java/packages/lib:/usr/lib64:/lib64:/lib:/usr/lib]
23-Apr-2023 22:39:16.393 INFO [main] org.apache.coyote.AbstractProtocol.init Initializing ProtocolHandler ["http-nio-8080"]
23-Apr-2023 22:39:16.400 INFO [main] org.apache.tomcat.util.net.NioSelectorPool.getSharedSelector Using a shared selector for servlet write/read
23-Apr-2023 22:39:16.407 INFO [main] org.apache.catalina.startup.Catalina.load Initialization processed in 238 ms
23-Apr-2023 22:39:16.440 INFO [main] org.apache.catalina.core.StandardService.startInternal Starting service [Catalina]
23-Apr-2023 22:39:16.440 INFO [main] org.apache.catalina.core.StandardEngine.startInternal Starting Servlet engine: [Apache Tomcat/8.5.69]
23-Apr-2023 22:39:16.457 INFO [localhost-startStop-1] org.apache.catalina.startup.HostConfig.deployWAR Deploying web application archive [/home/ors/tomcat/webapps/ors.war]
23-Apr-2023 22:39:19.624 INFO [localhost-startStop-1] org.apache.jasper.servlet.TldScanner.scanJars At least one JAR was scanned for TLDs yet contained no TLDs. Enable debug logging for this logger for a complete list of JARs that were scanned but no TLDs were found in them. Skipping unneeded JARs during scanning can improve startup time and JSP compilation time.
23-Apr-2023 22:39:22.324 INFO [localhost-startStop-1] org.apache.catalina.startup.HostConfig.deployWAR Deployment of web application archive [/home/ors/tomcat/webapps/ors.war] has finished in [5,866] ms
23-Apr-2023 22:39:22.325 INFO [localhost-startStop-1] org.apache.catalina.startup.HostConfig.deployDirectory Deploying web application directory [/home/ors/tomcat/webapps/manager]
23-Apr-2023 22:39:22.350 INFO [localhost-startStop-1] org.apache.catalina.startup.HostConfig.deployDirectory Deployment of web application directory [/home/ors/tomcat/webapps/manager] has finished in [24] ms
23-Apr-2023 22:39:22.350 INFO [localhost-startStop-1] org.apache.catalina.startup.HostConfig.deployDirectory Deploying web application directory [/home/ors/tomcat/webapps/examples]
23-Apr-2023 22:39:22.451 INFO [localhost-startStop-1] org.apache.catalina.startup.HostConfig.deployDirectory Deployment of web application directory [/home/ors/tomcat/webapps/examples] has finished in [101] ms
23-Apr-2023 22:39:22.451 INFO [localhost-startStop-1] org.apache.catalina.startup.HostConfig.deployDirectory Deploying web application directory [/home/ors/tomcat/webapps/docs]
23-Apr-2023 22:39:22.461 INFO [localhost-startStop-1] org.apache.catalina.startup.HostConfig.deployDirectory Deployment of web application directory [/home/ors/tomcat/webapps/docs] has finished in [10] ms
23-Apr-2023 22:39:22.461 INFO [localhost-startStop-1] org.apache.catalina.startup.HostConfig.deployDirectory Deploying web application directory [/home/ors/tomcat/webapps/ROOT]
23-Apr-2023 22:39:22.467 INFO [localhost-startStop-1] org.apache.catalina.startup.HostConfig.deployDirectory Deployment of web application directory [/home/ors/tomcat/webapps/ROOT] has finished in [6] ms
23-Apr-2023 22:39:22.467 INFO [localhost-startStop-1] org.apache.catalina.startup.HostConfig.deployDirectory Deploying web application directory [/home/ors/tomcat/webapps/host-manager]
23-Apr-2023 22:39:22.476 INFO [localhost-startStop-1] org.apache.catalina.startup.HostConfig.deployDirectory Deployment of web application directory [/home/ors/tomcat/webapps/host-manager] has finished in [9] ms
23-Apr-2023 22:39:22.480 INFO [main] org.apache.coyote.AbstractProtocol.start Starting ProtocolHandler ["http-nio-8080"]
23-Apr-2023 22:39:22.485 INFO [main] org.apache.catalina.startup.Catalina.start Server startup in 6077 ms
23-Apr-2023 22:44:34.141 INFO [Thread-6] org.apache.coyote.AbstractProtocol.pause Pausing ProtocolHandler ["http-nio-8080"]
23-Apr-2023 22:44:34.148 INFO [Thread-6] org.apache.catalina.core.StandardService.stopInternal Stopping service [Catalina]
23-Apr-2023 22:44:34.152 WARNING [localhost-startStop-2] org.apache.catalina.loader.WebappClassLoaderBase.clearReferencesObjectStreamClassCaches Failed to clear soft references from ObjectStreamClass$Caches for web application [ROOT]
	java.lang.ClassCastException: class java.io.ObjectStreamClass$Caches$1 cannot be cast to class java.util.Map (java.io.ObjectStreamClass$Caches$1 and java.util.Map are in module java.base of loader 'bootstrap')
		at org.apache.catalina.loader.WebappClassLoaderBase.clearCache(WebappClassLoaderBase.java:2331)
		at org.apache.catalina.loader.WebappClassLoaderBase.clearReferencesObjectStreamClassCaches(WebappClassLoaderBase.java:2306)
		at org.apache.catalina.loader.WebappClassLoaderBase.clearReferences(WebappClassLoaderBase.java:1675)
		at org.apache.catalina.loader.WebappClassLoaderBase.stop(WebappClassLoaderBase.java:1605)
		at org.apache.catalina.loader.WebappLoader.stopInternal(WebappLoader.java:455)
		at org.apache.catalina.util.LifecycleBase.stop(LifecycleBase.java:257)
		at org.apache.catalina.core.StandardContext.stopInternal(StandardContext.java:5505)
		at org.apache.catalina.util.LifecycleBase.stop(LifecycleBase.java:257)
		at org.apache.catalina.core.ContainerBase$StopChild.call(ContainerBase.java:1445)
		at org.apache.catalina.core.ContainerBase$StopChild.call(ContainerBase.java:1434)
		at java.base/java.util.concurrent.FutureTask.run(Unknown Source)
		at java.base/java.util.concurrent.ThreadPoolExecutor.runWorker(Unknown Source)
		at java.base/java.util.concurrent.ThreadPoolExecutor$Worker.run(Unknown Source)
		at java.base/java.lang.Thread.run(Unknown Source)
23-Apr-2023 22:44:34.157 WARNING [localhost-startStop-2] org.apache.catalina.loader.WebappClassLoaderBase.clearReferencesObjectStreamClassCaches Failed to clear soft references from ObjectStreamClass$Caches for web application [examples]
	java.lang.ClassCastException: class java.io.ObjectStreamClass$Caches$1 cannot be cast to class java.util.Map (java.io.ObjectStreamClass$Caches$1 and java.util.Map are in module java.base of loader 'bootstrap')
		at org.apache.catalina.loader.WebappClassLoaderBase.clearCache(WebappClassLoaderBase.java:2331)
		at org.apache.catalina.loader.WebappClassLoaderBase.clearReferencesObjectStreamClassCaches(WebappClassLoaderBase.java:2306)
		at org.apache.catalina.loader.WebappClassLoaderBase.clearReferences(WebappClassLoaderBase.java:1675)
		at org.apache.catalina.loader.WebappClassLoaderBase.stop(WebappClassLoaderBase.java:1605)
		at org.apache.catalina.loader.WebappLoader.stopInternal(WebappLoader.java:455)
		at org.apache.catalina.util.LifecycleBase.stop(LifecycleBase.java:257)
		at org.apache.catalina.core.StandardContext.stopInternal(StandardContext.java:5505)
		at org.apache.catalina.util.LifecycleBase.stop(LifecycleBase.java:257)
		at org.apache.catalina.core.ContainerBase$StopChild.call(ContainerBase.java:1445)
		at org.apache.catalina.core.ContainerBase$StopChild.call(ContainerBase.java:1434)
		at java.base/java.util.concurrent.FutureTask.run(Unknown Source)
		at java.base/java.util.concurrent.ThreadPoolExecutor.runWorker(Unknown Source)
		at java.base/java.util.concurrent.ThreadPoolExecutor$Worker.run(Unknown Source)
		at java.base/java.lang.Thread.run(Unknown Source)
23-Apr-2023 22:44:34.183 WARNING [localhost-startStop-2] org.apache.catalina.loader.WebappClassLoaderBase.clearReferencesObjectStreamClassCaches Failed to clear soft references from ObjectStreamClass$Caches for web application [ors]
	java.lang.ClassCastException: class java.io.ObjectStreamClass$Caches$1 cannot be cast to class java.util.Map (java.io.ObjectStreamClass$Caches$1 and java.util.Map are in module java.base of loader 'bootstrap')
		at org.apache.catalina.loader.WebappClassLoaderBase.clearCache(WebappClassLoaderBase.java:2331)
		at org.apache.catalina.loader.WebappClassLoaderBase.clearReferencesObjectStreamClassCaches(WebappClassLoaderBase.java:2306)
		at org.apache.catalina.loader.WebappClassLoaderBase.clearReferences(WebappClassLoaderBase.java:1675)
		at org.apache.catalina.loader.WebappClassLoaderBase.stop(WebappClassLoaderBase.java:1605)
		at org.apache.catalina.loader.WebappLoader.stopInternal(WebappLoader.java:455)
		at org.apache.catalina.util.LifecycleBase.stop(LifecycleBase.java:257)
		at org.apache.catalina.core.StandardContext.stopInternal(StandardContext.java:5505)
		at org.apache.catalina.util.LifecycleBase.stop(LifecycleBase.java:257)
		at org.apache.catalina.core.ContainerBase$StopChild.call(ContainerBase.java:1445)
		at org.apache.catalina.core.ContainerBase$StopChild.call(ContainerBase.java:1434)
		at java.base/java.util.concurrent.FutureTask.run(Unknown Source)
		at java.base/java.util.concurrent.ThreadPoolExecutor.runWorker(Unknown Source)
		at java.base/java.util.concurrent.ThreadPoolExecutor$Worker.run(Unknown Source)
		at java.base/java.lang.Thread.run(Unknown Source)
23-Apr-2023 22:44:34.186 WARNING [localhost-startStop-2] org.apache.catalina.loader.WebappClassLoaderBase.clearReferencesObjectStreamClassCaches Failed to clear soft references from ObjectStreamClass$Caches for web application [host-manager]
	java.lang.ClassCastException: class java.io.ObjectStreamClass$Caches$1 cannot be cast to class java.util.Map (java.io.ObjectStreamClass$Caches$1 and java.util.Map are in module java.base of loader 'bootstrap')
		at org.apache.catalina.loader.WebappClassLoaderBase.clearCache(WebappClassLoaderBase.java:2331)
		at org.apache.catalina.loader.WebappClassLoaderBase.clearReferencesObjectStreamClassCaches(WebappClassLoaderBase.java:2306)
		at org.apache.catalina.loader.WebappClassLoaderBase.clearReferences(WebappClassLoaderBase.java:1675)
		at org.apache.catalina.loader.WebappClassLoaderBase.stop(WebappClassLoaderBase.java:1605)
		at org.apache.catalina.loader.WebappLoader.stopInternal(WebappLoader.java:455)
		at org.apache.catalina.util.LifecycleBase.stop(LifecycleBase.java:257)
		at org.apache.catalina.core.StandardContext.stopInternal(StandardContext.java:5505)
		at org.apache.catalina.util.LifecycleBase.stop(LifecycleBase.java:257)
		at org.apache.catalina.core.ContainerBase$StopChild.call(ContainerBase.java:1445)
		at org.apache.catalina.core.ContainerBase$StopChild.call(ContainerBase.java:1434)
		at java.base/java.util.concurrent.FutureTask.run(Unknown Source)
		at java.base/java.util.concurrent.ThreadPoolExecutor.runWorker(Unknown Source)
		at java.base/java.util.concurrent.ThreadPoolExecutor$Worker.run(Unknown Source)
		at java.base/java.lang.Thread.run(Unknown Source)
23-Apr-2023 22:44:34.188 WARNING [localhost-startStop-2] org.apache.catalina.loader.WebappClassLoaderBase.clearReferencesObjectStreamClassCaches Failed to clear soft references from ObjectStreamClass$Caches for web application [manager]
	java.lang.ClassCastException: class java.io.ObjectStreamClass$Caches$1 cannot be cast to class java.util.Map (java.io.ObjectStreamClass$Caches$1 and java.util.Map are in module java.base of loader 'bootstrap')
		at org.apache.catalina.loader.WebappClassLoaderBase.clearCache(WebappClassLoaderBase.java:2331)
		at org.apache.catalina.loader.WebappClassLoaderBase.clearReferencesObjectStreamClassCaches(WebappClassLoaderBase.java:2306)
		at org.apache.catalina.loader.WebappClassLoaderBase.clearReferences(WebappClassLoaderBase.java:1675)
		at org.apache.catalina.loader.WebappClassLoaderBase.stop(WebappClassLoaderBase.java:1605)
		at org.apache.catalina.loader.WebappLoader.stopInternal(WebappLoader.java:455)
		at org.apache.catalina.util.LifecycleBase.stop(LifecycleBase.java:257)
		at org.apache.catalina.core.StandardContext.stopInternal(StandardContext.java:5505)
		at org.apache.catalina.util.LifecycleBase.stop(LifecycleBase.java:257)
		at org.apache.catalina.core.ContainerBase$StopChild.call(ContainerBase.java:1445)
		at org.apache.catalina.core.ContainerBase$StopChild.call(ContainerBase.java:1434)
		at java.base/java.util.concurrent.FutureTask.run(Unknown Source)
		at java.base/java.util.concurrent.ThreadPoolExecutor.runWorker(Unknown Source)
		at java.base/java.util.concurrent.ThreadPoolExecutor$Worker.run(Unknown Source)
		at java.base/java.lang.Thread.run(Unknown Source)
23-Apr-2023 22:44:34.189 WARNING [localhost-startStop-2] org.apache.catalina.loader.WebappClassLoaderBase.clearReferencesObjectStreamClassCaches Failed to clear soft references from ObjectStreamClass$Caches for web application [docs]
	java.lang.ClassCastException: class java.io.ObjectStreamClass$Caches$1 cannot be cast to class java.util.Map (java.io.ObjectStreamClass$Caches$1 and java.util.Map are in module java.base of loader 'bootstrap')
		at org.apache.catalina.loader.WebappClassLoaderBase.clearCache(WebappClassLoaderBase.java:2331)
		at org.apache.catalina.loader.WebappClassLoaderBase.clearReferencesObjectStreamClassCaches(WebappClassLoaderBase.java:2306)
		at org.apache.catalina.loader.WebappClassLoaderBase.clearReferences(WebappClassLoaderBase.java:1675)
		at org.apache.catalina.loader.WebappClassLoaderBase.stop(WebappClassLoaderBase.java:1605)
		at org.apache.catalina.loader.WebappLoader.stopInternal(WebappLoader.java:455)
		at org.apache.catalina.util.LifecycleBase.stop(LifecycleBase.java:257)
		at org.apache.catalina.core.StandardContext.stopInternal(StandardContext.java:5505)
		at org.apache.catalina.util.LifecycleBase.stop(LifecycleBase.java:257)
		at org.apache.catalina.core.ContainerBase$StopChild.call(ContainerBase.java:1445)
		at org.apache.catalina.core.ContainerBase$StopChild.call(ContainerBase.java:1434)
		at java.base/java.util.concurrent.FutureTask.run(Unknown Source)
		at java.base/java.util.concurrent.ThreadPoolExecutor.runWorker(Unknown Source)
		at java.base/java.util.concurrent.ThreadPoolExecutor$Worker.run(Unknown Source)
		at java.base/java.lang.Thread.run(Unknown Source)
23-Apr-2023 22:44:34.189 INFO [Thread-6] org.apache.coyote.AbstractProtocol.stop Stopping ProtocolHandler ["http-nio-8080"]
23-Apr-2023 22:44:34.191 INFO [Thread-6] org.apache.coyote.AbstractProtocol.destroy Destroying ProtocolHandler ["http-nio-8080"]
